<?xml version="1.0" encoding="UTF-8" ?>
<testsuites>
<testsuite name="JSIntro-ConvertArrayOfNumbersToString" errors="0" tests="3" failures="0" time="0" timestamp="2017-02-10T19:43:28">
  <testcase classname="JSIntro-ConvertArrayOfNumbersToString" name="should return empty string" time="0"></testcase>
  <testcase classname="JSIntro-ConvertArrayOfNumbersToString" name="should return empty string" time="0"></testcase>
  <testcase classname="JSIntro-ConvertArrayOfNumbersToString" name="should return 1,5.0,-100" time="0"></testcase>
</testsuite>
</testsuites>