<?xml version="1.0" encoding="UTF-8" ?>
<testsuites>
<testsuite name="JSIntro-ParseNumber" errors="0" tests="2" failures="0" time="0.015" timestamp="2017-02-10T19:43:28">
  <testcase classname="JSIntro-ParseNumber" name="should return nothing" time="0.015"></testcase>
  <testcase classname="JSIntro-ParseNumber" name="should return -123" time="0"></testcase>
</testsuite>
</testsuites>