<?xml version="1.0" encoding="UTF-8" ?>
<testsuites>
<testsuite name="JSIntro-ConvertDateToString" errors="0" tests="1" failures="0" time="0" timestamp="2017-02-10T19:43:28">
  <testcase classname="JSIntro-ConvertDateToString" name="should return July 1st" time="0"></testcase>
</testsuite>
</testsuites>