<?xml version="1.0" encoding="UTF-8" ?>
<testsuites>
<testsuite name="JSIntro-ConvertObjectToString" errors="0" tests="3" failures="0" time="0" timestamp="2017-02-10T19:43:28">
  <testcase classname="JSIntro-ConvertObjectToString" name="should return null" time="0"></testcase>
  <testcase classname="JSIntro-ConvertObjectToString" name="should return string" time="0"></testcase>
  <testcase classname="JSIntro-ConvertObjectToString" name="should return string for array" time="0"></testcase>
</testsuite>
</testsuites>